<?xml version="1.0" encoding="UTF-8"?>
<!-- Generated by org.testng.reporters.JUnitReportReporter -->
<testsuite hostname="NACTS-081729" name="automationFramework.NextWave2RestApi.ApiCustomerGet" tests="1" failures="0" timestamp="15 Nov 2016 15:25:58 GMT" time="2.530" errors="0">
  <testcase name="apiGetCustomerInfo" time="2.530" classname="automationFramework.NextWave2RestApi.ApiCustomerGet"/>
</testsuite> <!-- automationFramework.NextWave2RestApi.ApiCustomerGet -->
