<?xml version="1.0" encoding="UTF-8"?>
<!-- Generated by org.testng.reporters.JUnitReportReporter -->
<testsuite hostname="NACTS-081729" name="automationFramework.TestCases.RestCustomerSearch" tests="1" failures="0" timestamp="16 Jun 2016 16:12:40 GMT" time="2.539" errors="0">
  <testcase name="getApiResponseSuccess" time="2.539" classname="automationFramework.TestCases.RestCustomerSearch"/>
</testsuite> <!-- automationFramework.TestCases.RestCustomerSearch -->
