<?xml version="1.0" encoding="UTF-8"?>
<!-- Generated by org.testng.reporters.JUnitReportReporter -->
<testsuite hostname="NACTS-081729" name="automationFramework.TestCases.ApiCustomerTransaction" tests="1" failures="0" timestamp="26 Sep 2016 17:25:00 GMT" time="2.512" errors="0">
  <testcase name="getApiResponseSuccess" time="2.512" classname="automationFramework.TestCases.ApiCustomerTransaction"/>
</testsuite> <!-- automationFramework.TestCases.ApiCustomerTransaction -->
