<?xml version="1.0" encoding="UTF-8"?>
<!-- Generated by org.testng.reporters.JUnitReportReporter -->
<testsuite hostname="NACTS-081729" name="automationFramework.TestCases.ApiOamGetAccount" tests="1" failures="0" timestamp="10 Oct 2016 22:35:23 GMT" time="0.047" errors="0">
  <testcase name="ApiGetSuccess" time="0.047" classname="automationFramework.TestCases.ApiOamGetAccount"/>
</testsuite> <!-- automationFramework.TestCases.ApiOamGetAccount -->
