<?xml version="1.0" encoding="UTF-8"?>
<!-- Generated by org.testng.reporters.JUnitReportReporter -->
<testsuite hostname="NACTS-081729" name="automationFramework.NextWave2RestApi.ApiCustomerPost2" tests="1" failures="0" timestamp="29 Nov 2016 18:52:27 GMT" time="126.695" errors="0">
  <testcase name="apiErrorMaxLengthPinUpdateDB" time="126.695" classname="automationFramework.NextWave2RestApi.ApiCustomerPost2"/>
</testsuite> <!-- automationFramework.NextWave2RestApi.ApiCustomerPost2 -->
