<?xml version="1.0" encoding="UTF-8"?>
<!-- Generated by org.testng.reporters.JUnitReportReporter -->
<testsuite hostname="NACTS-081729" name="automationFramework.TestCases.ApiCreateAccount" tests="1" failures="0" timestamp="21 Oct 2016 17:03:15 GMT" time="2.565" errors="0">
  <testcase name="ApiPostSuccess" time="2.565" classname="automationFramework.TestCases.ApiCreateAccount"/>
</testsuite> <!-- automationFramework.TestCases.ApiCreateAccount -->
