<?xml version="1.0" encoding="UTF-8"?>
<!-- Generated by org.testng.reporters.JUnitReportReporter -->
<testsuite hostname="NACTS-081729" name="automationFramework.TestCases.ApiOamChargeTransaction" tests="1" failures="0" timestamp="10 Oct 2016 22:37:01 GMT" time="1.857" errors="0">
  <testcase name="ApiChargeTransaction" time="1.857" classname="automationFramework.TestCases.ApiOamChargeTransaction"/>
</testsuite> <!-- automationFramework.TestCases.ApiOamChargeTransaction -->
