<?xml version="1.0" encoding="UTF-8"?>
<!-- Generated by org.testng.reporters.JUnitReportReporter -->
<testsuite hostname="NACTS-081729" name="automationFramework.TestCases.ApiOam" tests="1" failures="0" timestamp="27 Sep 2016 15:04:26 GMT" time="1.813" errors="0">
  <testcase name="ApiPostResponse" time="1.813" classname="automationFramework.TestCases.ApiOam"/>
</testsuite> <!-- automationFramework.TestCases.ApiOam -->
