<?xml version="1.0" encoding="UTF-8"?>
<!-- Generated by org.testng.reporters.JUnitReportReporter -->
<testsuite hostname="NACTS-081729" name="automationFramework.TestCases.ApiGetAccount" tests="1" failures="0" timestamp="17 Oct 2016 22:21:00 GMT" time="1.638" errors="0">
  <testcase name="ApiGetSuccess" time="1.638" classname="automationFramework.TestCases.ApiGetAccount"/>
</testsuite> <!-- automationFramework.TestCases.ApiGetAccount -->
