<?xml version="1.0" encoding="UTF-8"?>
<!-- Generated by org.testng.reporters.JUnitReportReporter -->
<testsuite hostname="NACTS-081729" name="automationFramework.TestCases.ApiOamLinkSubsystem" tests="1" failures="0" timestamp="10 Oct 2016 22:35:23 GMT" time="0.048" errors="0">
  <testcase name="ApiSuccess" time="0.048" classname="automationFramework.TestCases.ApiOamLinkSubsystem"/>
</testsuite> <!-- automationFramework.TestCases.ApiOamLinkSubsystem -->
