<?xml version="1.0" encoding="UTF-8"?>
<!-- Generated by org.testng.reporters.JUnitReportReporter -->
<testsuite hostname="NACTS-081729" name="automationFramework.TestCases.ApiOamCreateAccount" tests="1" failures="0" timestamp="11 Oct 2016 16:21:57 GMT" time="1.709" errors="0">
  <testcase name="ApiPostSuccess" time="1.709" classname="automationFramework.TestCases.ApiOamCreateAccount"/>
</testsuite> <!-- automationFramework.TestCases.ApiOamCreateAccount -->
