<?xml version="1.0" encoding="UTF-8"?>
<!-- Generated by org.testng.reporters.JUnitReportReporter -->
<testsuite hostname="NACTS-081729" name="automationFramework.TestCases.ApiCustomerTransaction2" tests="1" failures="0" timestamp="14 Jul 2016 21:29:49 GMT" time="0.545" errors="0">
  <testcase name="getApiResponseSuccess" time="0.545" classname="automationFramework.TestCases.ApiCustomerTransaction2"/>
</testsuite> <!-- automationFramework.TestCases.ApiCustomerTransaction2 -->
